19:19:21 **** Build of configuration Nios II for project hex ****
wsl make all 
Info: Building /mnt/c/Users/james/Desktop/Imperial/Informationprocessing/Lab3/task1/software/hex_bsp/
make --no-print-directory -C /mnt/c/Users/james/Desktop/Imperial/Informationprocessing/Lab3/task1/software/hex_bsp/
[BSP build complete]
Info: Compiling hello_world.c to obj/default/hello_world.o
nios2-elf-gcc.exe -xc -MP -MMD -c -Ic:/Users/james/Desktop/Imperial/Informationprocessing/Lab3/task1/software/hex_bsp//HAL/inc -Ic:/Users/james/Desktop/Imperial/Informationprocessing/Lab3/task1/software/hex_bsp/ -Ic:/Users/james/Desktop/Imperial/Informationprocessing/Lab3/task1/software/hex_bsp//drivers/inc -pipe -D__hal__ -DALT_NO_INSTRUCTION_EMULATION -DALT_SINGLE_THREADED    -O0 -g -Wall  -mno-hw-div -mno-hw-div -mno-hw-mul -mno-hw-mulx -mgpopt=global  -o "obj/default/hello_world.o" "hello_world.c"
hello_world.c: In function 'print_text':
hello_world.c:290:9: warning: implicit declaration of function 'asprintf'; did you mean 'asnprintf'? [-Wimplicit-function-declaration]
  290 |         asprintf(&printMsg, "<--> Detected %d characters: %s <--> \n %c", length, text, 0x4);   // Print out the strings
      |         ^~~~~~~~
      |         asnprintf
hello_world.c:291:9: warning: implicit declaration of function 'alt_putstr'; did you mean '_puts_r'? [-Wimplicit-function-declaration]
  291 |         alt_putstr(printMsg);
      |         ^~~~~~~~~~
      |         _puts_r
hello_world.c: In function 'generate_text':
hello_world.c:305:27: warning: implicit declaration of function 'alt_getchar'; did you mean 'getchar'? [-Wimplicit-function-declaration]
  305 |                 newCurr = alt_getchar();                                                        // Get the next character
      |                           ^~~~~~~~~~~
      |                           getchar
hello_world.c: In function 'main':
hello_world.c:395:18: warning: unused variable 'coeffs' [-Wunused-variable]
  395 |         fixed_32 coeffs[]={24538,25771,29318,35140,43158,53256,65279,79042,94325,110883,128450,146737,165444,184263,202883,220992,238291,254488,269314,282519,293881,303209,310346,315172,317606,317606,315172,310346,303209,293881,282519,269314,254488,238291,220992,202883,184263,165444,146737,128450,110883,94325,79042,65279,53256,43158,35140,29318,25771,24538};
      |                  ^~~~~~
hello_world.c:394:17: warning: unused variable 'exec_t2' [-Wunused-variable]
  394 |         alt_u32 exec_t2;
      |                 ^~~~~~~
Info: Linking hex.elf
nios2-elf-g++.exe -T'c:/Users/james/Desktop/Imperial/Informationprocessing/Lab3/task1/software/hex_bsp//linker.x' -msys-crt0='c:/Users/james/Desktop/Imperial/Informationprocessing/Lab3/task1/software/hex_bsp//obj/HAL/src/crt0.o' -msys-lib=hal_bsp -Lc:/Users/james/Desktop/Imperial/Informationprocessing/Lab3/task1/software/hex_bsp/   -Wl,-Map=hex.map   -O0 -g -Wall  -mno-hw-div -mno-hw-div -mno-hw-mul -mno-hw-mulx -mgpopt=global  -o hex.elf obj/default/hello_world.o -lm -msys-lib=m
c:/intelfpga_lite/22.1std/nios2eds/bin/gnu/h-x86_64-mingw32/bin/../lib/gcc/nios2-elf/12.1.1/../../../../../H-x86_64-mingw32/nios2-elf/bin/ld.exe: address 0x3a25c of hex.elf section `.bss' is not within region `onchip_memory'
c:/intelfpga_lite/22.1std/nios2eds/bin/gnu/h-x86_64-mingw32/bin/../lib/gcc/nios2-elf/12.1.1/../../../../../H-x86_64-mingw32/nios2-elf/bin/ld.exe: address 0x3a25c of hex.elf section `.bss' is not within region `onchip_memory'
collect2.exe: error: ld returned 1 exit status
make: *** [Makefile:1015: hex.elf] Error 1

19:19:22 Build Finished (took 1s.237ms)

