Info: Starting: Create block symbol file (.bsf)
Info: qsys-generate C:\Users\james\Desktop\Imperial\Informationprocessing\Lab3\task1\accel.qsys --block-symbol-file --output-directory=C:\Users\james\Desktop\Imperial\Informationprocessing\Lab3\task1\accel --family="MAX 10" --part=10M50DAF484C7G
Progress: Loading task1/accel.qsys
Progress: Reading input file
Progress: Adding accelerometer_spi [altera_up_avalon_accelerometer_spi 18.0]
Progress: Parameterizing module accelerometer_spi
Progress: Adding clk [clock_source 22.1]
Progress: Parameterizing module clk
Progress: Adding cpu [altera_nios2_gen2 22.1]
Progress: Parameterizing module cpu
Progress: Adding hex_0 [altera_avalon_pio 22.1]
Progress: Parameterizing module hex_0
Progress: Adding hex_1 [altera_avalon_pio 22.1]
Progress: Parameterizing module hex_1
Progress: Adding hex_2 [altera_avalon_pio 22.1]
Progress: Parameterizing module hex_2
Progress: Adding hex_3 [altera_avalon_pio 22.1]
Progress: Parameterizing module hex_3
Progress: Adding hex_4 [altera_avalon_pio 22.1]
Progress: Parameterizing module hex_4
Progress: Adding hex_5 [altera_avalon_pio 22.1]
Progress: Parameterizing module hex_5
Progress: Adding jtag_uart [altera_avalon_jtag_uart 22.1]
Progress: Parameterizing module jtag_uart
Progress: Adding led [altera_avalon_pio 22.1]
Progress: Parameterizing module led
Progress: Adding onchip_memory [altera_avalon_onchip_memory2 22.1]
Progress: Parameterizing module onchip_memory
Progress: Adding sysid_qsys_0 [altera_avalon_sysid_qsys 22.1]
Progress: Parameterizing module sysid_qsys_0
Progress: Adding timer [altera_avalon_timer 22.1]
Progress: Parameterizing module timer
Progress: Building connections
Progress: Parameterizing connections
Progress: Validating
Progress: Done reading input file
Info: accel.jtag_uart: JTAG UART IP input clock need to be at least double (2x) the operating frequency of JTAG TCK on board
Info: accel.sysid_qsys_0: System ID is not assigned automatically. Edit the System ID parameter to provide a unique ID
Info: accel.sysid_qsys_0: Time stamp will be automatically updated when this component is generated.
Info: qsys-generate succeeded.
Info: Finished: Create block symbol file (.bsf)
Info: 
Info: Starting: Create HDL design files for synthesis
Info: qsys-generate C:\Users\james\Desktop\Imperial\Informationprocessing\Lab3\task1\accel.qsys --synthesis=VERILOG --output-directory=C:\Users\james\Desktop\Imperial\Informationprocessing\Lab3\task1\accel\synthesis --family="MAX 10" --part=10M50DAF484C7G
Progress: Loading task1/accel.qsys
Progress: Reading input file
Progress: Adding accelerometer_spi [altera_up_avalon_accelerometer_spi 18.0]
Progress: Parameterizing module accelerometer_spi
Progress: Adding clk [clock_source 22.1]
Progress: Parameterizing module clk
Progress: Adding cpu [altera_nios2_gen2 22.1]
Progress: Parameterizing module cpu
Progress: Adding hex_0 [altera_avalon_pio 22.1]
Progress: Parameterizing module hex_0
Progress: Adding hex_1 [altera_avalon_pio 22.1]
Progress: Parameterizing module hex_1
Progress: Adding hex_2 [altera_avalon_pio 22.1]
Progress: Parameterizing module hex_2
Progress: Adding hex_3 [altera_avalon_pio 22.1]
Progress: Parameterizing module hex_3
Progress: Adding hex_4 [altera_avalon_pio 22.1]
Progress: Parameterizing module hex_4
Progress: Adding hex_5 [altera_avalon_pio 22.1]
Progress: Parameterizing module hex_5
Progress: Adding jtag_uart [altera_avalon_jtag_uart 22.1]
Progress: Parameterizing module jtag_uart
Progress: Adding led [altera_avalon_pio 22.1]
Progress: Parameterizing module led
Progress: Adding onchip_memory [altera_avalon_onchip_memory2 22.1]
Progress: Parameterizing module onchip_memory
Progress: Adding sysid_qsys_0 [altera_avalon_sysid_qsys 22.1]
Progress: Parameterizing module sysid_qsys_0
Progress: Adding timer [altera_avalon_timer 22.1]
Progress: Parameterizing module timer
Progress: Building connections
Progress: Parameterizing connections
Progress: Validating
Progress: Done reading input file
Info: accel.jtag_uart: JTAG UART IP input clock need to be at least double (2x) the operating frequency of JTAG TCK on board
Info: accel.sysid_qsys_0: System ID is not assigned automatically. Edit the System ID parameter to provide a unique ID
Info: accel.sysid_qsys_0: Time stamp will be automatically updated when this component is generated.
Info: accel: Generating accel "accel" for QUARTUS_SYNTH
Info: accelerometer_spi: Starting Generation of the Accelerometer Controller in SPI mode
Info: accelerometer_spi: "accel" instantiated altera_up_avalon_accelerometer_spi "accelerometer_spi"
Info: cpu: "accel" instantiated altera_nios2_gen2 "cpu"
Info: hex_0: Starting RTL generation for module 'accel_hex_0'
Info: hex_0:   Generation command is [exec C:/intelfpga_lite/22.1std/quartus/bin64/perl/bin/perl.exe -I C:/intelfpga_lite/22.1std/quartus/bin64/perl/lib -I C:/intelfpga_lite/22.1std/quartus/sopc_builder/bin/europa -I C:/intelfpga_lite/22.1std/quartus/sopc_builder/bin -I C:/intelfpga_lite/22.1std/quartus/../ip/altera/sopc_builder_ip/common -I C:/intelfpga_lite/22.1std/quartus/../ip/altera/sopc_builder_ip/altera_avalon_pio -- C:/intelfpga_lite/22.1std/quartus/../ip/altera/sopc_builder_ip/altera_avalon_pio/generate_rtl.pl --name=accel_hex_0 --dir=C:/Users/james/AppData/Local/Temp/alt9430_8404510584744265464.dir/0003_hex_0_gen/ --quartus_dir=C:/intelfpga_lite/22.1std/quartus --verilog --config=C:/Users/james/AppData/Local/Temp/alt9430_8404510584744265464.dir/0003_hex_0_gen//accel_hex_0_component_configuration.pl  --do_build_sim=0  ]
Info: hex_0: Done RTL generation for module 'accel_hex_0'
Info: hex_0: "accel" instantiated altera_avalon_pio "hex_0"
Info: jtag_uart: Starting RTL generation for module 'accel_jtag_uart'
Info: jtag_uart:   Generation command is [exec C:/intelfpga_lite/22.1std/quartus/bin64/perl/bin/perl.exe -I C:/intelfpga_lite/22.1std/quartus/bin64/perl/lib -I C:/intelfpga_lite/22.1std/quartus/sopc_builder/bin/europa -I C:/intelfpga_lite/22.1std/quartus/sopc_builder/bin -I C:/intelfpga_lite/22.1std/quartus/../ip/altera/sopc_builder_ip/common -I C:/intelfpga_lite/22.1std/quartus/../ip/altera/sopc_builder_ip/altera_avalon_jtag_uart -- C:/intelfpga_lite/22.1std/quartus/../ip/altera/sopc_builder_ip/altera_avalon_jtag_uart/generate_rtl.pl --name=accel_jtag_uart --dir=C:/Users/james/AppData/Local/Temp/alt9430_8404510584744265464.dir/0004_jtag_uart_gen/ --quartus_dir=C:/intelfpga_lite/22.1std/quartus --verilog --config=C:/Users/james/AppData/Local/Temp/alt9430_8404510584744265464.dir/0004_jtag_uart_gen//accel_jtag_uart_component_configuration.pl  --do_build_sim=0  ]
Info: jtag_uart: Done RTL generation for module 'accel_jtag_uart'
Info: jtag_uart: "accel" instantiated altera_avalon_jtag_uart "jtag_uart"
Info: led: Starting RTL generation for module 'accel_led'
Info: led:   Generation command is [exec C:/intelfpga_lite/22.1std/quartus/bin64/perl/bin/perl.exe -I C:/intelfpga_lite/22.1std/quartus/bin64/perl/lib -I C:/intelfpga_lite/22.1std/quartus/sopc_builder/bin/europa -I C:/intelfpga_lite/22.1std/quartus/sopc_builder/bin -I C:/intelfpga_lite/22.1std/quartus/../ip/altera/sopc_builder_ip/common -I C:/intelfpga_lite/22.1std/quartus/../ip/altera/sopc_builder_ip/altera_avalon_pio -- C:/intelfpga_lite/22.1std/quartus/../ip/altera/sopc_builder_ip/altera_avalon_pio/generate_rtl.pl --name=accel_led --dir=C:/Users/james/AppData/Local/Temp/alt9430_8404510584744265464.dir/0005_led_gen/ --quartus_dir=C:/intelfpga_lite/22.1std/quartus --verilog --config=C:/Users/james/AppData/Local/Temp/alt9430_8404510584744265464.dir/0005_led_gen//accel_led_component_configuration.pl  --do_build_sim=0  ]
Info: led: Done RTL generation for module 'accel_led'
Info: led: "accel" instantiated altera_avalon_pio "led"
Info: onchip_memory: Starting RTL generation for module 'accel_onchip_memory'
Info: onchip_memory:   Generation command is [exec C:/intelfpga_lite/22.1std/quartus/bin64/perl/bin/perl.exe -I C:/intelfpga_lite/22.1std/quartus/bin64/perl/lib -I C:/intelfpga_lite/22.1std/quartus/sopc_builder/bin/europa -I C:/intelfpga_lite/22.1std/quartus/sopc_builder/bin -I C:/intelfpga_lite/22.1std/quartus/../ip/altera/sopc_builder_ip/common -I C:/intelfpga_lite/22.1std/quartus/../ip/altera/sopc_builder_ip/altera_avalon_onchip_memory2 -- C:/intelfpga_lite/22.1std/quartus/../ip/altera/sopc_builder_ip/altera_avalon_onchip_memory2/generate_rtl.pl --name=accel_onchip_memory --dir=C:/Users/james/AppData/Local/Temp/alt9430_8404510584744265464.dir/0006_onchip_memory_gen/ --quartus_dir=C:/intelfpga_lite/22.1std/quartus --verilog --config=C:/Users/james/AppData/Local/Temp/alt9430_8404510584744265464.dir/0006_onchip_memory_gen//accel_onchip_memory_component_configuration.pl  --do_build_sim=0  ]
Info: onchip_memory: Done RTL generation for module 'accel_onchip_memory'
Info: onchip_memory: "accel" instantiated altera_avalon_onchip_memory2 "onchip_memory"
Info: sysid_qsys_0: "accel" instantiated altera_avalon_sysid_qsys "sysid_qsys_0"
Info: timer: Starting RTL generation for module 'accel_timer'
Info: timer:   Generation command is [exec C:/intelFPGA_lite/22.1std/quartus/bin64//perl/bin/perl.exe -I C:/intelFPGA_lite/22.1std/quartus/bin64//perl/lib -I C:/intelfpga_lite/22.1std/quartus/sopc_builder/bin/europa -I C:/intelfpga_lite/22.1std/quartus/sopc_builder/bin -I C:/intelfpga_lite/22.1std/quartus/../ip/altera/sopc_builder_ip/common -I C:/intelfpga_lite/22.1std/quartus/../ip/altera/sopc_builder_ip/altera_avalon_timer -- C:/intelfpga_lite/22.1std/quartus/../ip/altera/sopc_builder_ip/altera_avalon_timer/generate_rtl.pl --name=accel_timer --dir=C:/Users/james/AppData/Local/Temp/alt9430_8404510584744265464.dir/0008_timer_gen/ --quartus_dir=C:/intelfpga_lite/22.1std/quartus --verilog --config=C:/Users/james/AppData/Local/Temp/alt9430_8404510584744265464.dir/0008_timer_gen//accel_timer_component_configuration.pl  --do_build_sim=0  ]
Info: timer: Done RTL generation for module 'accel_timer'
Info: timer: "accel" instantiated altera_avalon_timer "timer"
Info: avalon_st_adapter: Inserting error_adapter: error_adapter_0
Info: avalon_st_adapter_001: Inserting error_adapter: error_adapter_0
Info: avalon_st_adapter_002: Inserting error_adapter: error_adapter_0
Info: avalon_st_adapter_003: Inserting error_adapter: error_adapter_0
Info: avalon_st_adapter_004: Inserting error_adapter: error_adapter_0
Info: avalon_st_adapter_005: Inserting error_adapter: error_adapter_0
Info: avalon_st_adapter_006: Inserting error_adapter: error_adapter_0
Info: avalon_st_adapter_007: Inserting error_adapter: error_adapter_0
Info: avalon_st_adapter_008: Inserting error_adapter: error_adapter_0
Info: avalon_st_adapter_009: Inserting error_adapter: error_adapter_0
Info: avalon_st_adapter_010: Inserting error_adapter: error_adapter_0
Info: avalon_st_adapter_011: Inserting error_adapter: error_adapter_0
Info: avalon_st_adapter_012: Inserting error_adapter: error_adapter_0
Info: mm_interconnect_0: "accel" instantiated altera_mm_interconnect "mm_interconnect_0"
Info: irq_mapper: "accel" instantiated altera_irq_mapper "irq_mapper"
Info: rst_controller: "accel" instantiated altera_reset_controller "rst_controller"
Info: cpu: Starting RTL generation for module 'accel_cpu_cpu'
Info: cpu:   Generation command is [exec C:/intelFPGA_lite/22.1std/quartus/bin64//perl/bin/perl.exe -I C:/intelFPGA_lite/22.1std/quartus/bin64//perl/lib -I C:/intelfpga_lite/22.1std/quartus/sopc_builder/bin/europa -I C:/intelfpga_lite/22.1std/quartus/sopc_builder/bin -I C:/intelfpga_lite/22.1std/quartus/../ip/altera/nios2_ip/altera_nios2_gen2/cpu_lib -I C:/intelfpga_lite/22.1std/quartus/../ip/altera/nios2_ip/altera_nios2_gen2/nios_lib -I C:/intelfpga_lite/22.1std/quartus/../ip/altera/nios2_ip/altera_nios2_gen2 -I C:/intelfpga_lite/22.1std/quartus/../ip/altera/nios2_ip/altera_nios2_gen2 -- C:/intelfpga_lite/22.1std/quartus/../ip/altera/nios2_ip/altera_nios2_gen2/generate_rtl.pl --name=accel_cpu_cpu --dir=C:/Users/james/AppData/Local/Temp/alt9430_8404510584744265464.dir/0011_cpu_gen/ --quartus_bindir=C:/intelFPGA_lite/22.1std/quartus/bin64/ --verilog --config=C:/Users/james/AppData/Local/Temp/alt9430_8404510584744265464.dir/0011_cpu_gen//accel_cpu_cpu_processor_configuration.pl  --do_build_sim=0  ]
Info: cpu: # 2023.03.14 14:58:15 (*) Starting Nios II generation
Info: cpu: # 2023.03.14 14:58:15 (*)   Elaborating CPU configuration settings
Info: cpu: # 2023.03.14 14:58:15 (*)   Creating all objects for CPU
Info: cpu: # 2023.03.14 14:58:16 (*)   Generating RTL from CPU objects
Info: cpu: # 2023.03.14 14:58:16 (*)   Creating plain-text RTL
Info: cpu: # 2023.03.14 14:58:17 (*) Done Nios II generation
Info: cpu: Done RTL generation for module 'accel_cpu_cpu'
Info: cpu: "cpu" instantiated altera_nios2_gen2_unit "cpu"
Info: cpu_data_master_translator: "mm_interconnect_0" instantiated altera_merlin_master_translator "cpu_data_master_translator"
Info: accelerometer_spi_avalon_accelerometer_spi_mode_slave_translator: "mm_interconnect_0" instantiated altera_merlin_slave_translator "accelerometer_spi_avalon_accelerometer_spi_mode_slave_translator"
Info: cpu_data_master_agent: "mm_interconnect_0" instantiated altera_merlin_master_agent "cpu_data_master_agent"
Info: accelerometer_spi_avalon_accelerometer_spi_mode_slave_agent: "mm_interconnect_0" instantiated altera_merlin_slave_agent "accelerometer_spi_avalon_accelerometer_spi_mode_slave_agent"
Info: accelerometer_spi_avalon_accelerometer_spi_mode_slave_agent_rsp_fifo: "mm_interconnect_0" instantiated altera_avalon_sc_fifo "accelerometer_spi_avalon_accelerometer_spi_mode_slave_agent_rsp_fifo"
Info: router: "mm_interconnect_0" instantiated altera_merlin_router "router"
Info: router_001: "mm_interconnect_0" instantiated altera_merlin_router "router_001"
Info: router_002: "mm_interconnect_0" instantiated altera_merlin_router "router_002"
Info: router_003: "mm_interconnect_0" instantiated altera_merlin_router "router_003"
Info: router_004: "mm_interconnect_0" instantiated altera_merlin_router "router_004"
Info: accelerometer_spi_avalon_accelerometer_spi_mode_slave_burst_adapter: "mm_interconnect_0" instantiated altera_merlin_burst_adapter "accelerometer_spi_avalon_accelerometer_spi_mode_slave_burst_adapter"
Info: cmd_demux: "mm_interconnect_0" instantiated altera_merlin_demultiplexer "cmd_demux"
Info: cmd_demux_001: "mm_interconnect_0" instantiated altera_merlin_demultiplexer "cmd_demux_001"
Info: cmd_mux: "mm_interconnect_0" instantiated altera_merlin_multiplexer "cmd_mux"
Info: cmd_mux_002: "mm_interconnect_0" instantiated altera_merlin_multiplexer "cmd_mux_002"
Info: Reusing file C:/Users/james/Desktop/Imperial/Informationprocessing/Lab3/task1/accel/synthesis/submodules/altera_merlin_arbitrator.sv
Info: rsp_demux: "mm_interconnect_0" instantiated altera_merlin_demultiplexer "rsp_demux"
Info: rsp_demux_002: "mm_interconnect_0" instantiated altera_merlin_demultiplexer "rsp_demux_002"
Info: rsp_mux: "mm_interconnect_0" instantiated altera_merlin_multiplexer "rsp_mux"
Info: Reusing file C:/Users/james/Desktop/Imperial/Informationprocessing/Lab3/task1/accel/synthesis/submodules/altera_merlin_arbitrator.sv
Info: rsp_mux_001: "mm_interconnect_0" instantiated altera_merlin_multiplexer "rsp_mux_001"
Info: Reusing file C:/Users/james/Desktop/Imperial/Informationprocessing/Lab3/task1/accel/synthesis/submodules/altera_merlin_arbitrator.sv
Info: accelerometer_spi_avalon_accelerometer_spi_mode_slave_rsp_width_adapter: "mm_interconnect_0" instantiated altera_merlin_width_adapter "accelerometer_spi_avalon_accelerometer_spi_mode_slave_rsp_width_adapter"
Info: Reusing file C:/Users/james/Desktop/Imperial/Informationprocessing/Lab3/task1/accel/synthesis/submodules/altera_merlin_address_alignment.sv
Info: Reusing file C:/Users/james/Desktop/Imperial/Informationprocessing/Lab3/task1/accel/synthesis/submodules/altera_merlin_burst_uncompressor.sv
Info: avalon_st_adapter: "mm_interconnect_0" instantiated altera_avalon_st_adapter "avalon_st_adapter"
Info: avalon_st_adapter_001: "mm_interconnect_0" instantiated altera_avalon_st_adapter "avalon_st_adapter_001"
Info: error_adapter_0: "avalon_st_adapter" instantiated error_adapter "error_adapter_0"
Info: error_adapter_0: "avalon_st_adapter_001" instantiated error_adapter "error_adapter_0"
Info: accel: Done "accel" with 37 modules, 62 files
Info: qsys-generate succeeded.
Info: Finished: Create HDL design files for synthesis
