21:34:20 **** Incremental Build of configuration Nios II for project Accelerometer ****
wsl make all 
Info: Building /mnt/c/Users/james/Desktop/Imperial/Informationprocessing/Lab3/task1/software/Accelerometer_bsp/
make --no-print-directory -C /mnt/c/Users/james/Desktop/Imperial/Informationprocessing/Lab3/task1/software/Accelerometer_bsp/
[BSP build complete]
Info: Compiling hello_world_small.c to obj/default/hello_world_small.o
nios2-elf-gcc.exe -xc -MP -MMD -c -Ic:/Users/james/Desktop/Imperial/Informationprocessing/Lab3/task1/software/Accelerometer_bsp//HAL/inc -Ic:/Users/james/Desktop/Imperial/Informationprocessing/Lab3/task1/software/Accelerometer_bsp/ -Ic:/Users/james/Desktop/Imperial/Informationprocessing/Lab3/task1/software/Accelerometer_bsp//drivers/inc -pipe -D__hal__ -DALT_NO_C_PLUS_PLUS -DALT_NO_CLEAN_EXIT -D'exit(a)=_exit(a)' -DALT_NO_EXIT -DALT_USE_DIRECT_DRIVERS -DALT_NO_INSTRUCTION_EMULATION -DALT_USE_SMALL_DRIVERS -DSMALL_C_LIB -DALT_SINGLE_THREADED    -Os -g -Wall  -mno-hw-div -mno-hw-div -mno-hw-mul -mno-hw-mulx -mgpopt=global  -o "obj/default/hello_world_small.o" "hello_world_small.c"
hello_world_small.c: In function 'main':
hello_world_small.c:179:9: warning: unused variable 'exec_t2' [-Wunused-variable]
  179 | alt_u32 exec_t2;
      |         ^~~~~~~
Info: Linking Accelerometer.elf
nios2-elf-g++.exe -T'c:/Users/james/Desktop/Imperial/Informationprocessing/Lab3/task1/software/Accelerometer_bsp//linker.x' -msys-crt0='c:/Users/james/Desktop/Imperial/Informationprocessing/Lab3/task1/software/Accelerometer_bsp//obj/HAL/src/crt0.o' -msys-lib=hal_bsp -Lc:/Users/james/Desktop/Imperial/Informationprocessing/Lab3/task1/software/Accelerometer_bsp/ -msmallc  -Wl,-Map=Accelerometer.map   -Os -g -Wall  -mno-hw-div -mno-hw-div -mno-hw-mul -mno-hw-mulx -mgpopt=global  -o Accelerometer.elf obj/default/hello_world_small.o -lm -msys-lib=m
nios2-elf-insert.exe Accelerometer.elf --thread_model hal --cpu_name cpu --qsys true --simulation_enabled false --stderr_dev jtag_uart --stdin_dev jtag_uart --stdout_dev jtag_uart --sopc_system_name accel --quartus_project_dir "c:/Users/james/Desktop/Imperial/Informationprocessing/Lab3/task1" --jdi ../..//output_files/task1_top.jdi --sopcinfo C:/Users/james/Desktop/Imperial/Informationprocessing/Lab3/task1/accel.sopcinfo
Info: (Accelerometer.elf) 11 KBytes program size (code + initialized data).
Info:                     51 KBytes free for stack + heap.
Info: Creating Accelerometer.objdump
nios2-elf-objdump.exe --disassemble --syms --all-header --source Accelerometer.elf >Accelerometer.objdump
[Accelerometer build complete]

21:34:21 Build Finished (took 1s.361ms)

