20:37:01 **** Incremental Build of configuration Nios II for project 3axis ****
wsl make all 
Info: Building /mnt/c/Users/james/Desktop/Imperial/Informationprocessing/lab3/task1/software/3axis_bsp/
make --no-print-directory -C /mnt/c/Users/james/Desktop/Imperial/Informationprocessing/lab3/task1/software/3axis_bsp/
[BSP build complete]
Info: Compiling hello_world.c to obj/default/hello_world.o
nios2-elf-gcc.exe -xc -MP -MMD -c -Ic:/Users/james/Desktop/Imperial/Informationprocessing/lab3/task1/software/3axis_bsp//HAL/inc -Ic:/Users/james/Desktop/Imperial/Informationprocessing/lab3/task1/software/3axis_bsp/ -Ic:/Users/james/Desktop/Imperial/Informationprocessing/lab3/task1/software/3axis_bsp//drivers/inc -pipe -D__hal__ -DALT_NO_INSTRUCTION_EMULATION -DALT_SINGLE_THREADED    -O0 -g -Wall  -mno-hw-div -mno-hw-div -mno-hw-mul -mno-hw-mulx -mgpopt=global  -o "obj/default/hello_world.o" "hello_world.c"
hello_world.c: In function 'main':
hello_world.c:125:18: warning: unused variable 'coeffs' [-Wunused-variable]
  125 |         fixed_32 coeffs[]={24538,25771,29318,35140,43158,53256,65279,79042,94325,110883,128450,146737,165444,184263,202883,220992,238291,254488,269314,282519,293881,303209,310346,315172,317606,317606,315172,310346,303209,293881,282519,269314,254488,238291,220992,202883,184263,165444,146737,128450,110883,94325,79042,65279,53256,43158,35140,29318,25771,24538};
      |                  ^~~~~~
hello_world.c:124:17: warning: unused variable 'exec_t2' [-Wunused-variable]
  124 |         alt_u32 exec_t2;
      |                 ^~~~~~~
Info: Linking 3axis.elf
nios2-elf-g++.exe -T'c:/Users/james/Desktop/Imperial/Informationprocessing/lab3/task1/software/3axis_bsp//linker.x' -msys-crt0='c:/Users/james/Desktop/Imperial/Informationprocessing/lab3/task1/software/3axis_bsp//obj/HAL/src/crt0.o' -msys-lib=hal_bsp -Lc:/Users/james/Desktop/Imperial/Informationprocessing/lab3/task1/software/3axis_bsp/   -Wl,-Map=3axis.map   -O0 -g -Wall  -mno-hw-div -mno-hw-div -mno-hw-mul -mno-hw-mulx -mgpopt=global  -o 3axis.elf obj/default/hello_world.o -lm -msys-lib=m
nios2-elf-insert.exe 3axis.elf --thread_model hal --cpu_name cpu --qsys true --simulation_enabled false --stderr_dev jtag_uart --stdin_dev jtag_uart --stdout_dev jtag_uart --sopc_system_name accel --quartus_project_dir "c:/Users/james/Desktop/Imperial/Informationprocessing/lab3/task1" --jdi ../..//output_files/task1_top.jdi --sopcinfo C:/Users/james/Desktop/Imperial/Informationprocessing/Lab3/task1/accel.sopcinfo
Info: (3axis.elf) 78 KBytes program size (code + initialized data).
Info:             12 KBytes free for stack + heap.
Info: Creating 3axis.objdump
nios2-elf-objdump.exe --disassemble --syms --all-header --source 3axis.elf >3axis.objdump
[3axis build complete]
